\BOOKMARK [1][-]{section.1}{\376\377\122\115\212\000}{}% 1
\BOOKMARK [1][-]{section.2}{\376\377\167\342\221\317\122\006\147\220\116\016\127\072\213\272}{}% 2
\BOOKMARK [2][-]{subsection.2.1}{\376\377\167\342\221\317\166\204\210\150\171\072\116\016\217\320\173\227}{section.2}% 3
\BOOKMARK [2][-]{subsection.2.2}{\376\377\127\120\150\007\174\373}{section.2}% 4
\BOOKMARK [2][-]{subsection.2.3}{\376\377\167\342\221\317\121\375\145\160\166\204\220\032\221\317\116\016\145\143\136\246}{section.2}% 5
\BOOKMARK [2][-]{subsection.2.4}{\376\377\167\342\221\317\121\375\145\160\166\204\163\257\221\317\116\016\145\313\136\246}{section.2}% 6
\BOOKMARK [2][-]{subsection.2.5}{\376\377\150\007\221\317\121\375\145\160\166\204\150\257\136\246}{section.2}% 7
\BOOKMARK [2][-]{subsection.2.6}{\376\377\116\245\131\306\227\015\121\171\133\232\164\006}{section.2}% 8
\BOOKMARK [1][-]{section.3}{\376\377\201\352\165\061\172\172\225\364\166\204\165\065\170\301\127\072}{}% 9
\BOOKMARK [2][-]{subsection.3.1}{\376\377\165\065\127\072\137\072\136\246\124\214\165\065\117\115}{section.3}% 10
\BOOKMARK [2][-]{subsection.3.2}{\376\377\170\301\141\037\136\224\137\072\136\246}{section.3}% 11
\BOOKMARK [2][-]{subsection.3.3}{\376\377\121\150\165\065\155\101\133\232\137\213}{section.3}% 12
\BOOKMARK [2][-]{subsection.3.4}{\376\377\165\065\170\301\141\037\136\224\133\232\137\213}{section.3}% 13
\BOOKMARK [2][-]{subsection.3.5}{\376\377\232\330\145\257\133\232\137\213}{section.3}% 14
\BOOKMARK [2][-]{subsection.3.6}{\376\377\236\246\121\113\145\257\227\346\145\271\172\013\176\304}{section.3}% 15
\BOOKMARK [2][-]{subsection.3.7}{\376\377\127\141\123\160\136\367\167\342\221\317}{section.3}% 16
\BOOKMARK [1][-]{section.4}{\376\377\116\313\215\050\116\055\166\204\165\065\170\301\127\072}{}% 17
\BOOKMARK [2][-]{subsection.4.1}{\376\377\116\313\215\050\147\201\123\026\124\214\116\313\215\050\170\301\123\026}{section.4}% 18
\BOOKMARK [2][-]{subsection.4.2}{\376\377\165\065\170\301\127\072\166\204\217\271\165\114\147\141\116\366}{section.4}% 19
\BOOKMARK [1][-]{section.5}{\376\377\227\131\140\001\127\072\166\204\211\343}{}% 20
\BOOKMARK [1][-]{section.6}{\376\377\164\006\140\363\116\313\215\050\116\055\166\204\127\107\123\000\136\163\227\142\154\342}{}% 21
\BOOKMARK [2][-]{subsection.6.1}{\376\377\165\065\170\301\154\342\166\204\154\342\122\250\145\271\172\013}{section.6}% 22
\BOOKMARK [2][-]{subsection.6.2}{\376\377\127\107\123\000\136\163\227\142\154\342\166\204\117\040\144\255\162\171\140\047}{section.6}% 23
\BOOKMARK [2][-]{subsection.6.3}{\376\377\154\342\166\204\147\201\123\026}{section.6}% 24
\BOOKMARK [1][-]{section.7}{\376\377\147\011\200\027\116\313\215\050\116\055\166\204\127\107\123\000\136\163\227\142\154\342}{}% 25
\BOOKMARK [2][-]{subsection.7.1}{\376\377\147\011\200\027\116\313\215\050\116\055\166\204\154\342\122\250\145\271\172\013}{section.7}% 26
\BOOKMARK [2][-]{subsection.7.2}{\376\377\147\011\200\027\116\313\215\050\116\055\154\342\166\204\117\040\144\255\162\171\140\047}{section.7}% 27
\BOOKMARK [2][-]{subsection.7.3}{\376\377\177\244\220\037\124\214\200\375\220\037}{section.7}% 28
\BOOKMARK [1][-]{section.8}{\376\377\154\342\166\204\123\315\134\004\116\016\142\230\134\004}{}% 29
\BOOKMARK [2][-]{subsection.8.1}{\376\377\127\202\166\364\121\145\134\004}{section.8}% 30
\BOOKMARK [2][-]{subsection.8.2}{\376\377\145\234\121\145\134\004}{section.8}% 31
