\BOOKMARK [1][-]{section.1}{\376\377\176\352\213\272}{}% 1
\BOOKMARK [2][-]{subsection.1.1}{\376\377\173\024\213\260\213\364\146\016}{section.1}% 2
\BOOKMARK [2][-]{subsection.1.2}{\376\377\117\341\140\157\166\204\133\232\116\111}{section.1}% 3
\BOOKMARK [2][-]{subsection.1.3}{\376\377\213\376\172\013\166\204\116\073\211\201\121\205\133\271}{section.1}% 4
\BOOKMARK [1][-]{section.2}{\376\377\117\341\156\220\116\016\161\265}{}% 5
\BOOKMARK [2][-]{subsection.2.1}{\376\377\231\231\121\234\161\265}{section.2}% 6
\BOOKMARK [2][-]{subsection.2.2}{\376\377\200\124\124\010\161\265\116\016\147\141\116\366\161\265}{section.2}% 7
\BOOKMARK [2][-]{subsection.2.3}{\376\377\136\163\127\107\116\222\117\341\140\157\221\317}{section.2}% 8
\BOOKMARK [2][-]{subsection.2.4}{\376\377\217\336\176\355\117\341\156\220\166\204\117\341\140\157\161\265}{section.2}% 9
\BOOKMARK [1][-]{section.3}{\376\377\117\341\220\123\123\312\121\166\133\271\221\317}{}% 10
\BOOKMARK [2][-]{subsection.3.1}{\376\377\117\341\220\123\166\204\127\372\147\054\123\302\145\160}{section.3}% 11
\BOOKMARK [2][-]{subsection.3.2}{\376\377\213\241\173\227\000D\000M\000C\166\204\117\341\220\123\133\271\221\317}{section.3}% 12
\BOOKMARK [2][-]{subsection.3.3}{\376\377\217\336\176\355\117\341\220\123\123\312\121\166\117\341\220\123\133\271\221\317}{section.3}% 13
\BOOKMARK [2][-]{subsection.3.4}{\376\377\154\342\137\142\117\341\220\123\123\312\121\166\117\341\220\123\133\271\221\317}{section.3}% 14
\BOOKMARK [1][-]{section.4}{\376\377\145\340\131\061\167\037\117\341\156\220\177\026\170\001}{}% 15
\BOOKMARK [2][-]{subsection.4.1}{\376\377\117\341\156\220\177\026\170\001\166\204\127\372\147\054\151\202\137\365}{section.4}% 16
\BOOKMARK [2][-]{subsection.4.2}{\376\377\177\026\170\001\166\204\125\057\116\000\123\357\213\321\140\047}{section.4}% 17
\BOOKMARK [2][-]{subsection.4.3}{\376\377\145\340\131\061\167\037\133\232\225\177\000/\123\330\225\177\177\026\170\001\133\232\164\006}{section.4}% 18
\BOOKMARK [2][-]{subsection.4.4}{\376\377\116\011\171\315\176\317\121\170\145\340\131\061\167\037\117\341\156\220\177\026\170\001\145\271\154\325}{section.4}% 19
\BOOKMARK [1][-]{section.5}{\376\377\117\341\220\123\176\240\225\031\177\026\170\001}{}% 20
